Solid Edge 转换到 STL
日期: 星期日,十月 21,2018 08:25下午
源文件:D:\微云同步助手\824676271\笔记本\项目\班服\班徽.par
输出文件: D:\微云同步助手\824676271\笔记本\项目\班服\班徽.stl
源系统: SOLID EDGE

硬件:
处理器: Intel(R) Core(TM) i7-8550U CPU @ 1.80GHz
操作系统: Windows 8
内存: 15.84 GB

软件信息:
Parasolid 版本: 30.1.256
Bodyshop 版本: 30.1.94
Solid Edge 版本: 219.00.00.091 x64

STL 导出选项:
输出文件格式:BINARY
导出显示零件:关
structureOption: Monolithic
导出单位:Inch
导出公差值:0.050000
导出公差类型:Custom
导出曲面平面角度值:0.523599

转换进度:
正在调取 Parasolid 信息（第 1 阶段，共 2 阶段）...
创建的 STL 文件数: 1
转换过程结束
转换所需时间:00 : 00 : 00
